<?xml version="1.0" encoding="UTF-8"?>
<testng-results skipped="0" failed="0" ignored="0" total="1" passed="1">
  <reporter-output>
  </reporter-output>
  <suite name="Default suite" duration-ms="14123" started-at="2020-05-09T23:13:43 EET" finished-at="2020-05-09T23:13:57 EET">
    <groups>
    </groups>
    <test name="Default test" duration-ms="14123" started-at="2020-05-09T23:13:43 EET" finished-at="2020-05-09T23:13:57 EET">
      <class name="NewTest">
        <test-method status="PASS" signature="f()[pri:0, instance:NewTest@6f1fba17]" name="f" duration-ms="13924" started-at="2020-05-09T23:13:43 EET" finished-at="2020-05-09T23:13:57 EET">
          <reporter-output>
          </reporter-output>
        </test-method> <!-- f -->
      </class> <!-- NewTest -->
    </test> <!-- Default test -->
  </suite> <!-- Default suite -->
</testng-results>
